[01:19:26] [ServerMain/INFO]: [bootstrap] Running Java 25 (Java HotSpot(TM) 64-Bit Server VM 25.0.1+8-LTS-jvmci-b01; Oracle Corporation Oracle GraalVM 25.0.1+8.1) on Windows 10 10.0 (amd64)
[01:19:26] [ServerMain/INFO]: [bootstrap] Loading Paper 1.21.4-232-ver/1.21.4@12d8fe0 (2025-06-09T10:15:42Z) for Minecraft 1.21.4
[01:19:28] [ServerMain/INFO]: [PluginInitializerManager] Initializing plugins...
[01:19:29] [ServerMain/INFO]: [PluginInitializerManager] Initialized 1 plugin
[01:19:29] [ServerMain/INFO]: [PluginInitializerManager] Paper plugins (1):
 - OnTimeCommand (1.0.1-release+20260107ec28807)
[01:19:38] [ServerMain/INFO]: Environment: Environment[sessionHost=https://sessionserver.mojang.com, servicesHost=https://api.minecraftservices.com, name=PROD]
[01:19:46] [ServerMain/INFO]: Loaded 1370 recipes
[01:19:46] [ServerMain/INFO]: Loaded 1481 advancements
[01:19:46] [ServerMain/INFO]: [MCTypeRegistry] Initialising converters for DataConverter...
[01:19:50] [ServerMain/INFO]: [MCTypeRegistry] Finished initialising converters for DataConverter in 4,642.2ms
[01:19:53] [Server thread/INFO]: Starting minecraft server version 1.21.4
[01:19:53] [Server thread/INFO]: Loading properties
[01:19:54] [Server thread/INFO]: This server is running Paper version 1.21.4-232-ver/1.21.4@12d8fe0 (2025-06-09T10:15:42Z) (Implementing API version 1.21.4-R0.1-SNAPSHOT)
[01:19:54] [Server thread/INFO]: [spark] This server bundles the spark profiler. For more information please visit https://docs.papermc.io/paper/profiling
[01:19:54] [Server thread/INFO]: Server Ping Player Sample Count: 12
[01:19:54] [Server thread/INFO]: Using 4 threads for Netty based IO
[01:19:57] [Server thread/INFO]: [MoonriseCommon] Paper is using 2 worker threads, 1 I/O threads
[01:19:57] [Server thread/INFO]: [ChunkTaskScheduler] Chunk system is using population gen parallelism: true
[01:19:59] [Server thread/INFO]: Default game type: SURVIVAL
[01:19:59] [Server thread/INFO]: Generating keypair
[01:19:59] [Server thread/INFO]: Starting Minecraft server on *:25565
[01:20:00] [Server thread/INFO]: Using default channel type
[01:20:00] [Server thread/INFO]: Paper: Using Java compression from Velocity.
[01:20:00] [Server thread/INFO]: Paper: Using Java cipher from Velocity.
[01:20:01] [Server thread/INFO]: [OnTimeCommand] Loading server plugin OnTimeCommand v1.0.1-release+20260107ec28807
[01:20:01] [Server thread/INFO]: Server permissions file permissions.yml is empty, ignoring it
[01:20:01] [Server thread/WARN]: **** SERVER IS RUNNING IN OFFLINE/INSECURE MODE!
[01:20:01] [Server thread/WARN]: The server will make no attempt to authenticate usernames. Beware.
[01:20:01] [Server thread/WARN]: While this makes the game possible to play without internet access, it also opens up the ability for hackers to connect with any username they choose.
[01:20:01] [Server thread/WARN]: To change this, set "online-mode" to "true" in the server.properties file.
[01:20:01] [Server thread/INFO]: Preparing level "world"
[01:20:02] [Server thread/INFO]: Preparing start region for dimension minecraft:overworld
[01:20:03] [Server thread/INFO]: Preparing spawn area: 0%
[01:20:03] [Server thread/INFO]: Preparing spawn area: 0%
[01:20:03] [Server thread/INFO]: Preparing spawn area: 2%
[01:20:06] [Server thread/INFO]: Preparing spawn area: 2%
[01:20:06] [Server thread/INFO]: Preparing spawn area: 2%
[01:20:06] [Server thread/INFO]: Preparing spawn area: 2%
[01:20:06] [Server thread/INFO]: Preparing spawn area: 2%
[01:20:06] [Server thread/INFO]: Preparing spawn area: 2%
[01:20:06] [Server thread/INFO]: Time elapsed: 3705 ms
[01:20:06] [Server thread/INFO]: Preparing start region for dimension minecraft:the_nether
[01:20:06] [Server thread/INFO]: Preparing spawn area: 0%
[01:20:06] [Server thread/INFO]: Time elapsed: 318 ms
[01:20:06] [Server thread/INFO]: Preparing start region for dimension minecraft:the_end
[01:20:06] [Server thread/INFO]: Preparing spawn area: 0%
[01:20:06] [Server thread/INFO]: Time elapsed: 259 ms
[01:20:06] [Server thread/INFO]: [OnTimeCommand] Enabling OnTimeCommand v1.0.1-release+20260107ec28807
[01:20:06] [Server thread/WARN]: [OnTimeCommand] Could not load command.yml from jar resources
[01:20:06] [Server thread/WARN]: [OnTimeCommand] Invalid configuration for command group: a
[01:20:06] [Server thread/INFO]: [OnTimeCommand] OnTimeCommand has been enabled successfully!
[01:20:06] [Server thread/INFO]: [OnTimeCommand]   ----------------
[01:20:06] [Server thread/INFO]: [OnTimeCommand] /    VoyagerStar  \
[01:20:06] [Server thread/INFO]: [OnTimeCommand] \ On Time Command /
[01:20:06] [Server thread/INFO]: [OnTimeCommand]   ----------------
[01:20:06] [Server thread/INFO]: [OnTimeCommand] Version: 1.0.1-release+20260107ec28807
[01:20:06] [Server thread/INFO]: [OnTimeCommand] Build Date: 2026-01-07T17:18:34Z
[01:20:06] [Server thread/INFO]: [OnTimeCommand] Git Commit ID: ec28807
[01:20:07] [Server thread/INFO]: [spark] Starting background profiler...
[01:20:07] [Server thread/INFO]: [spark] The async-profiler engine is not supported for your os/arch (windows10/amd64), so the built-in Java engine will be used instead.
[01:20:07] [Server thread/INFO]: Done preparing level "world" (6.742s)
[01:20:07] [Server thread/INFO]: Running delayed init tasks
[01:20:07] [Server thread/INFO]: Done (44.057s)! For help, type "help"
[21:37:30] [Server thread/WARN]: Can't keep up! Is the server overloaded? Running 72765579ms or 1455311 ticks behind
[21:37:56] [Server thread/WARN]: Can't keep up! Is the server overloaded? Running 2800ms or 56 ticks behind
[21:45:40] [Server thread/INFO]: Stopping server
[21:45:40] [Server thread/INFO]: [OnTimeCommand] Disabling OnTimeCommand v1.0.1-release+20260107ec28807
[21:45:40] [Server thread/INFO]: [OnTimeCommand] Cancelled all scheduled tasks
[21:45:41] [Server thread/INFO]: Saving players
[21:45:41] [Server thread/INFO]: Saving worlds
[21:45:41] [Server thread/INFO]: Saving chunks for level 'ServerLevel[world]'/minecraft:overworld
[21:45:41] [Server thread/INFO]: [ChunkHolderManager] Waiting 60s for chunk system to halt for world 'world'
[21:45:41] [Server thread/INFO]: [ChunkHolderManager] Halted chunk system for world 'world'
[21:45:41] [Server thread/INFO]: [ChunkHolderManager] Saving all chunkholders for world 'world'
[21:45:41] [Server thread/INFO]: [ChunkHolderManager] Saved 0 block chunks, 22 entity chunks, 0 poi chunks in world 'world' in 0.28s
[21:45:41] [Server thread/INFO]: [ChunkHolderManager] Waiting 60s for chunk I/O to halt for world 'world'
[21:45:41] [Server thread/INFO]: [ChunkHolderManager] Halted I/O scheduler for world 'world'
[21:45:41] [Server thread/INFO]: Saving chunks for level 'ServerLevel[world_nether]'/minecraft:the_nether
[21:45:41] [Server thread/INFO]: [ChunkHolderManager] Waiting 60s for chunk system to halt for world 'world_nether'
[21:45:41] [Server thread/INFO]: [ChunkHolderManager] Halted chunk system for world 'world_nether'
[21:45:41] [Server thread/INFO]: [ChunkHolderManager] Saving all chunkholders for world 'world_nether'
[21:45:41] [Server thread/INFO]: [ChunkHolderManager] Saved 0 block chunks, 0 entity chunks, 0 poi chunks in world 'world_nether' in 0.02s
[21:45:41] [Server thread/INFO]: [ChunkHolderManager] Waiting 60s for chunk I/O to halt for world 'world_nether'
[21:45:41] [Server thread/INFO]: [ChunkHolderManager] Halted I/O scheduler for world 'world_nether'
[21:45:41] [Server thread/INFO]: Saving chunks for level 'ServerLevel[world_the_end]'/minecraft:the_end
[21:45:41] [Server thread/INFO]: [ChunkHolderManager] Waiting 60s for chunk system to halt for world 'world_the_end'
[21:45:41] [Server thread/INFO]: [ChunkHolderManager] Halted chunk system for world 'world_the_end'
[21:45:41] [Server thread/INFO]: [ChunkHolderManager] Saving all chunkholders for world 'world_the_end'
[21:45:42] [Server thread/INFO]: [ChunkHolderManager] Saved 0 block chunks, 10 entity chunks, 0 poi chunks in world 'world_the_end' in 0.06s
[21:45:42] [Server thread/INFO]: [ChunkHolderManager] Waiting 60s for chunk I/O to halt for world 'world_the_end'
[21:45:42] [Server thread/INFO]: [ChunkHolderManager] Halted I/O scheduler for world 'world_the_end'
[21:45:42] [Server thread/INFO]: ThreadedAnvilChunkStorage (world): All chunks are saved
[21:45:42] [Server thread/INFO]: ThreadedAnvilChunkStorage (DIM-1): All chunks are saved
[21:45:42] [Server thread/INFO]: ThreadedAnvilChunkStorage (DIM1): All chunks are saved
[21:45:42] [Server thread/INFO]: ThreadedAnvilChunkStorage: All dimensions are saved
[21:45:42] [Server thread/INFO]: Waiting for I/O tasks to complete...
[21:45:42] [Server thread/INFO]: All I/O tasks to complete
[21:45:42] [Server thread/INFO]: [MoonriseCommon] Awaiting termination of worker pool for up to 60s...
[21:45:42] [Server thread/INFO]: [MoonriseCommon] Awaiting termination of I/O pool for up to 60s...
